2013-01-26 12:42:58,009 INFO  [pl.wcislo.sbql4j.java.utils.SBQL4JStatement] Query before optimization: 
2013-01-26 12:42:58,018 INFO  [pl.wcislo.sbql4j.java.utils.SBQL4JStatement] db.(Class as c).(c.getName(), c.getShortname() where c.getShortname() == name)
2013-01-26 12:42:58,077 INFO  [pl.wcislo.sbql4j.java.utils.SBQL4JStatement] Query after dead subqueries optimization: 
2013-01-26 12:42:58,077 INFO  [pl.wcislo.sbql4j.java.utils.SBQL4JStatement] db.(Class as c).(c.getName(), c.getShortname() where c.getShortname() == name)
2013-01-26 12:42:58,095 INFO  [pl.wcislo.sbql4j.java.utils.SBQL4JStatement] Query after independent subqueries optimization: 
2013-01-26 12:42:58,096 INFO  [pl.wcislo.sbql4j.java.utils.SBQL4JStatement] db.(Class as c where c.getShortname() == name).(c.getName(), c.getShortname())
2013-01-26 12:42:58,116 INFO  [pl.wcislo.sbql4j.java.utils.SBQL4JStatement] Query before optimization: 
2013-01-26 12:42:58,117 INFO  [pl.wcislo.sbql4j.java.utils.SBQL4JStatement] db.(Student where getIndexnum() > indexn)
2013-01-26 12:42:58,124 INFO  [pl.wcislo.sbql4j.java.utils.SBQL4JStatement] Query after dead subqueries optimization: 
2013-01-26 12:42:58,124 INFO  [pl.wcislo.sbql4j.java.utils.SBQL4JStatement] db.(Student where getIndexnum() > indexn)
2013-01-26 12:42:58,132 INFO  [pl.wcislo.sbql4j.java.utils.SBQL4JStatement] Query after independent subqueries optimization: 
2013-01-26 12:42:58,132 INFO  [pl.wcislo.sbql4j.java.utils.SBQL4JStatement] db.(Student where getIndexnum() > indexn)
2013-01-26 12:42:58,147 INFO  [pl.wcislo.sbql4j.java.utils.SBQL4JStatement] Query before optimization: 
2013-01-26 12:42:58,148 INFO  [pl.wcislo.sbql4j.java.utils.SBQL4JStatement] db.Professor.(getFname(), getSname(), getTitle(), getAddress().getStreet(), getAddress().getCity(), getAddress().getZip())
2013-01-26 12:42:58,157 INFO  [pl.wcislo.sbql4j.java.utils.SBQL4JStatement] Query after dead subqueries optimization: 
2013-01-26 12:42:58,157 INFO  [pl.wcislo.sbql4j.java.utils.SBQL4JStatement] db.Professor.(getFname(), getSname(), getTitle(), getAddress().getStreet(), getAddress().getCity(), getAddress().getZip())
2013-01-26 12:42:58,165 INFO  [pl.wcislo.sbql4j.java.utils.SBQL4JStatement] Query after independent subqueries optimization: 
2013-01-26 12:42:58,165 INFO  [pl.wcislo.sbql4j.java.utils.SBQL4JStatement] db.Professor.(getFname(), getSname(), getTitle(), getAddress().getStreet(), getAddress().getCity(), getAddress().getZip())
2013-01-26 12:42:58,187 INFO  [pl.wcislo.sbql4j.java.utils.SBQL4JStatement] Query before optimization: 
2013-01-26 12:42:58,187 INFO  [pl.wcislo.sbql4j.java.utils.SBQL4JStatement] db.Student.(getFname(), getSname(), getAddress().getStreet(), getAddress().getCity(), getAddress().getZip(), getPromoter().getFname(), getPromoter().getSname())
2013-01-26 12:42:58,201 INFO  [pl.wcislo.sbql4j.java.utils.SBQL4JStatement] Query after dead subqueries optimization: 
2013-01-26 12:42:58,201 INFO  [pl.wcislo.sbql4j.java.utils.SBQL4JStatement] db.Student.(getFname(), getSname(), getAddress().getStreet(), getAddress().getCity(), getAddress().getZip(), getPromoter().getFname(), getPromoter().getSname())
2013-01-26 12:42:58,216 INFO  [pl.wcislo.sbql4j.java.utils.SBQL4JStatement] Query after independent subqueries optimization: 
2013-01-26 12:42:58,216 INFO  [pl.wcislo.sbql4j.java.utils.SBQL4JStatement] db.Student.(getFname(), getSname(), getAddress().getStreet(), getAddress().getCity(), getAddress().getZip(), getPromoter().getFname(), getPromoter().getSname())
2013-01-26 12:42:58,258 INFO  [pl.wcislo.sbql4j.java.utils.SBQL4JStatement] Query before optimization: 
2013-01-26 12:42:58,258 INFO  [pl.wcislo.sbql4j.java.utils.SBQL4JStatement] db.(Student as s).(s.getFname(), s.getSname() where s.getAddress().getCity() == city)
2013-01-26 12:42:58,289 INFO  [pl.wcislo.sbql4j.java.utils.SBQL4JStatement] Query after dead subqueries optimization: 
2013-01-26 12:42:58,290 INFO  [pl.wcislo.sbql4j.java.utils.SBQL4JStatement] db.(Student as s).(s.getFname(), s.getSname() where s.getAddress().getCity() == city)
2013-01-26 12:42:58,310 INFO  [pl.wcislo.sbql4j.java.utils.SBQL4JStatement] Query after independent subqueries optimization: 
2013-01-26 12:42:58,310 INFO  [pl.wcislo.sbql4j.java.utils.SBQL4JStatement] db.(Student as s where s.getAddress().getCity() == city).(s.getFname(), s.getSname())
2013-01-26 12:42:58,326 INFO  [pl.wcislo.sbql4j.java.utils.SBQL4JStatement] Query before optimization: 
2013-01-26 12:42:58,327 INFO  [pl.wcislo.sbql4j.java.utils.SBQL4JStatement] db.(Student.(getFname(), getSname(), getAddress().getStreet(), getAddress().getCity(), getAddress().getZip()) group as studs)
2013-01-26 12:42:58,338 INFO  [pl.wcislo.sbql4j.java.utils.SBQL4JStatement] Query after dead subqueries optimization: 
2013-01-26 12:42:58,338 INFO  [pl.wcislo.sbql4j.java.utils.SBQL4JStatement] db.(Student.(getFname(), getSname(), getAddress().getStreet(), getAddress().getCity(), getAddress().getZip()) group as studs)
2013-01-26 12:42:58,349 INFO  [pl.wcislo.sbql4j.java.utils.SBQL4JStatement] Query after independent subqueries optimization: 
2013-01-26 12:42:58,349 INFO  [pl.wcislo.sbql4j.java.utils.SBQL4JStatement] db.(Student.(getFname(), getSname(), getAddress().getStreet(), getAddress().getCity(), getAddress().getZip()) group as studs)
2013-01-26 12:42:58,371 INFO  [pl.wcislo.sbql4j.java.utils.SBQL4JStatement] Query before optimization: 
2013-01-26 12:42:58,372 INFO  [pl.wcislo.sbql4j.java.utils.SBQL4JStatement] db.(Student.(getFname(), getSname()) join Professor.(getFname(), getSname()))
2013-01-26 12:42:58,391 INFO  [pl.wcislo.sbql4j.java.utils.SBQL4JStatement] Query after dead subqueries optimization: 
2013-01-26 12:42:58,392 INFO  [pl.wcislo.sbql4j.java.utils.SBQL4JStatement] db.(Student.(getFname(), getSname()) join Professor.(getFname(), getSname()))
2013-01-26 12:42:58,434 INFO  [pl.wcislo.sbql4j.java.utils.SBQL4JStatement] Query after independent subqueries optimization: 
2013-01-26 12:42:58,435 INFO  [pl.wcislo.sbql4j.java.utils.SBQL4JStatement] db.(Professor.(getFname(), getSname()) group as _aux0).(Student.(getFname(), getSname()) join _aux0)
2013-01-26 12:42:58,486 INFO  [pl.wcislo.sbql4j.java.utils.SBQL4JStatement] Query before optimization: 
2013-01-26 12:42:58,487 INFO  [pl.wcislo.sbql4j.java.utils.SBQL4JStatement] db.(Student as s).(s.getFname(), s.getSname(), s.getAverage() where s.getAverage() > 4.5 and s.getAverage() < 5)
2013-01-26 12:42:58,529 INFO  [pl.wcislo.sbql4j.java.utils.SBQL4JStatement] Query after dead subqueries optimization: 
2013-01-26 12:42:58,529 INFO  [pl.wcislo.sbql4j.java.utils.SBQL4JStatement] db.(Student as s).(s.getFname(), s.getSname(), s.getAverage() where s.getAverage() > 4.5 and s.getAverage() < 5)
2013-01-26 12:42:58,564 INFO  [pl.wcislo.sbql4j.java.utils.SBQL4JStatement] Query after independent subqueries optimization: 
2013-01-26 12:42:58,565 INFO  [pl.wcislo.sbql4j.java.utils.SBQL4JStatement] db.(Student as s where s.getAverage() > 4.5 and s.getAverage() < 5).(s.getFname(), s.getSname(), s.getAverage())
2013-01-26 12:42:58,579 INFO  [pl.wcislo.sbql4j.java.utils.SBQL4JStatement] Query before optimization: 
2013-01-26 12:42:58,579 INFO  [pl.wcislo.sbql4j.java.utils.SBQL4JStatement] db.(Professor as p where p.getTitle() == tite).(p.getFname(), p.getSname(), p.getTitle())
2013-01-26 12:42:58,590 INFO  [pl.wcislo.sbql4j.java.utils.SBQL4JStatement] Query after dead subqueries optimization: 
2013-01-26 12:42:58,590 INFO  [pl.wcislo.sbql4j.java.utils.SBQL4JStatement] db.(Professor as p where p.getTitle() == tite).(p.getFname(), p.getSname(), p.getTitle())
2013-01-26 12:42:58,600 INFO  [pl.wcislo.sbql4j.java.utils.SBQL4JStatement] Query after independent subqueries optimization: 
2013-01-26 12:42:58,601 INFO  [pl.wcislo.sbql4j.java.utils.SBQL4JStatement] db.(Professor as p where p.getTitle() == tite).(p.getFname(), p.getSname(), p.getTitle())
2013-01-26 12:42:58,615 INFO  [pl.wcislo.sbql4j.java.utils.SBQL4JStatement] Query before optimization: 
2013-01-26 12:42:58,616 INFO  [pl.wcislo.sbql4j.java.utils.SBQL4JStatement] db.(Professor as p where p.getMarried() != (!true)).(p.getFname(), p.getSname(), p.getMarried())
2013-01-26 12:42:58,626 INFO  [pl.wcislo.sbql4j.java.utils.SBQL4JStatement] Query after dead subqueries optimization: 
2013-01-26 12:42:58,626 INFO  [pl.wcislo.sbql4j.java.utils.SBQL4JStatement] db.(Professor as p where p.getMarried() != (!true)).(p.getFname(), p.getSname(), p.getMarried())
2013-01-26 12:42:58,642 INFO  [pl.wcislo.sbql4j.java.utils.SBQL4JStatement] Query after independent subqueries optimization: 
2013-01-26 12:42:58,642 INFO  [pl.wcislo.sbql4j.java.utils.SBQL4JStatement] ((!true) group as _aux0).db.(Professor as p where p.getMarried() != _aux0).(p.getFname(), p.getSname(), p.getMarried())
2013-01-26 12:42:58,669 INFO  [pl.wcislo.sbql4j.java.utils.SBQL4JStatement] Query before optimization: 
2013-01-26 12:42:58,670 INFO  [pl.wcislo.sbql4j.java.utils.SBQL4JStatement] db.(Student as s).(s.getFname(), s.getSname(), s.getYear() where s.getYear() != 1)
2013-01-26 12:42:58,703 INFO  [pl.wcislo.sbql4j.java.utils.SBQL4JStatement] Query after dead subqueries optimization: 
2013-01-26 12:42:58,704 INFO  [pl.wcislo.sbql4j.java.utils.SBQL4JStatement] db.(Student as s).(s.getFname(), s.getSname(), s.getYear() where s.getYear() != 1)
2013-01-26 12:42:58,717 INFO  [pl.wcislo.sbql4j.java.utils.SBQL4JStatement] Query after independent subqueries optimization: 
2013-01-26 12:42:58,718 INFO  [pl.wcislo.sbql4j.java.utils.SBQL4JStatement] db.(Student as s where s.getYear() != 1).(s.getFname(), s.getSname(), s.getYear())
2013-01-26 12:42:58,735 INFO  [pl.wcislo.sbql4j.java.utils.SBQL4JStatement] Query before optimization: 
2013-01-26 12:42:58,736 INFO  [pl.wcislo.sbql4j.java.utils.SBQL4JStatement] db.(Professor as p where p.getPensum() + p.getAge() >= 100).(p.getFname(), p.getSname(), p.getPensum(), p.getAge(), p.getPensum() + p.getAge())
2013-01-26 12:42:58,748 INFO  [pl.wcislo.sbql4j.java.utils.SBQL4JStatement] Query after dead subqueries optimization: 
2013-01-26 12:42:58,749 INFO  [pl.wcislo.sbql4j.java.utils.SBQL4JStatement] db.(Professor as p where p.getPensum() + p.getAge() >= 100).(p.getFname(), p.getSname(), p.getPensum(), p.getAge(), p.getPensum() + p.getAge())
2013-01-26 12:42:58,759 INFO  [pl.wcislo.sbql4j.java.utils.SBQL4JStatement] Query after independent subqueries optimization: 
2013-01-26 12:42:58,760 INFO  [pl.wcislo.sbql4j.java.utils.SBQL4JStatement] db.(Professor as p where p.getPensum() + p.getAge() >= 100).(p.getFname(), p.getSname(), p.getPensum(), p.getAge(), p.getPensum() + p.getAge())
2013-01-26 12:42:58,767 INFO  [pl.wcislo.sbql4j.java.utils.SBQL4JStatement] Query before optimization: 
2013-01-26 12:42:58,768 INFO  [pl.wcislo.sbql4j.java.utils.SBQL4JStatement] db.(Class as c where c.getShortname() != klass).(c.getShortname(), c.getName())
2013-01-26 12:42:58,772 INFO  [pl.wcislo.sbql4j.java.utils.SBQL4JStatement] Query after dead subqueries optimization: 
2013-01-26 12:42:58,773 INFO  [pl.wcislo.sbql4j.java.utils.SBQL4JStatement] db.(Class as c where c.getShortname() != klass).(c.getShortname(), c.getName())
2013-01-26 12:42:58,776 INFO  [pl.wcislo.sbql4j.java.utils.SBQL4JStatement] Query after independent subqueries optimization: 
2013-01-26 12:42:58,777 INFO  [pl.wcislo.sbql4j.java.utils.SBQL4JStatement] db.(Class as c where c.getShortname() != klass).(c.getShortname(), c.getName())
2013-01-26 12:42:58,785 INFO  [pl.wcislo.sbql4j.java.utils.SBQL4JStatement] Query before optimization: 
2013-01-26 12:42:58,786 INFO  [pl.wcislo.sbql4j.java.utils.SBQL4JStatement] db.(Student as s where s.getAge() ==  max(Student.getAge())).s
2013-01-26 12:42:58,790 INFO  [pl.wcislo.sbql4j.java.utils.SBQL4JStatement] Query after dead subqueries optimization: 
2013-01-26 12:42:58,791 INFO  [pl.wcislo.sbql4j.java.utils.SBQL4JStatement] db.(Student as s where s.getAge() ==  max(Student.getAge())).s
2013-01-26 12:42:58,799 INFO  [pl.wcislo.sbql4j.java.utils.SBQL4JStatement] Query after independent subqueries optimization: 
2013-01-26 12:42:58,800 INFO  [pl.wcislo.sbql4j.java.utils.SBQL4JStatement] db.( max(Student.getAge()) group as _aux0).(Student as s where s.getAge() == _aux0).s
2013-01-26 12:42:58,808 INFO  [pl.wcislo.sbql4j.java.utils.SBQL4JStatement] Query before optimization: 
2013-01-26 12:42:58,808 INFO  [pl.wcislo.sbql4j.java.utils.SBQL4JStatement] db.(Student as s where s.getAge() ==  min(Student.getAge())).s
2013-01-26 12:42:58,813 INFO  [pl.wcislo.sbql4j.java.utils.SBQL4JStatement] Query after dead subqueries optimization: 
2013-01-26 12:42:58,814 INFO  [pl.wcislo.sbql4j.java.utils.SBQL4JStatement] db.(Student as s where s.getAge() ==  min(Student.getAge())).s
2013-01-26 12:42:58,821 INFO  [pl.wcislo.sbql4j.java.utils.SBQL4JStatement] Query after independent subqueries optimization: 
2013-01-26 12:42:58,822 INFO  [pl.wcislo.sbql4j.java.utils.SBQL4JStatement] db.( min(Student.getAge()) group as _aux0).(Student as s where s.getAge() == _aux0).s
2013-01-26 12:42:58,831 INFO  [pl.wcislo.sbql4j.java.utils.SBQL4JStatement] Query before optimization: 
2013-01-26 12:42:58,832 INFO  [pl.wcislo.sbql4j.java.utils.SBQL4JStatement] db.((Student where getAge() ==  min(Student.getAge())) union (Student where getAge() ==  max(Student.getAge())))
2013-01-26 12:42:58,836 INFO  [pl.wcislo.sbql4j.java.utils.SBQL4JStatement] Query after dead subqueries optimization: 
2013-01-26 12:42:58,836 INFO  [pl.wcislo.sbql4j.java.utils.SBQL4JStatement] db.((Student where getAge() ==  min(Student.getAge())) union (Student where getAge() ==  max(Student.getAge())))
2013-01-26 12:42:58,850 INFO  [pl.wcislo.sbql4j.java.utils.SBQL4JStatement] Query after independent subqueries optimization: 
2013-01-26 12:42:58,850 INFO  [pl.wcislo.sbql4j.java.utils.SBQL4JStatement] db.(( min(Student.getAge()) group as _aux0).(Student where getAge() == _aux0) union ( max(Student.getAge()) group as _aux1).(Student where getAge() == _aux1))
2013-01-26 12:42:58,857 INFO  [pl.wcislo.sbql4j.java.utils.SBQL4JStatement] Query before optimization: 
2013-01-26 12:42:58,858 INFO  [pl.wcislo.sbql4j.java.utils.SBQL4JStatement] db.(Student as s where s.getClasses().getShortname() in Class.getShortname())
2013-01-26 12:42:58,861 INFO  [pl.wcislo.sbql4j.java.utils.SBQL4JStatement] Query after dead subqueries optimization: 
2013-01-26 12:42:58,861 INFO  [pl.wcislo.sbql4j.java.utils.SBQL4JStatement] db.(Student as s where s.getClasses().getShortname() in Class.getShortname())
2013-01-26 12:42:58,865 INFO  [pl.wcislo.sbql4j.java.utils.SBQL4JStatement] Query after independent subqueries optimization: 
2013-01-26 12:42:58,865 INFO  [pl.wcislo.sbql4j.java.utils.SBQL4JStatement] db.(Class.getShortname() group as _aux0).(Student as s where s.getClasses().getShortname() in _aux0)
2013-01-26 12:42:58,870 INFO  [pl.wcislo.sbql4j.java.utils.SBQL4JStatement] Query before optimization: 
2013-01-26 12:42:58,871 INFO  [pl.wcislo.sbql4j.java.utils.SBQL4JStatement] db.(Professor as p).(p where p.getAge() >  avg(Professor.getAge()))
2013-01-26 12:42:58,873 INFO  [pl.wcislo.sbql4j.java.utils.SBQL4JStatement] Query after dead subqueries optimization: 
2013-01-26 12:42:58,873 INFO  [pl.wcislo.sbql4j.java.utils.SBQL4JStatement] db.(Professor as p).(p where p.getAge() >  avg(Professor.getAge()))
2013-01-26 12:42:58,878 INFO  [pl.wcislo.sbql4j.java.utils.SBQL4JStatement] Query after independent subqueries optimization: 
2013-01-26 12:42:58,878 INFO  [pl.wcislo.sbql4j.java.utils.SBQL4JStatement] db.( avg(Professor.getAge()) group as _aux0).(Professor as p where p.getAge() > _aux0).p
2013-01-26 12:42:58,885 INFO  [pl.wcislo.sbql4j.java.utils.SBQL4JStatement] Query before optimization: 
2013-01-26 12:42:58,886 INFO  [pl.wcislo.sbql4j.java.utils.SBQL4JStatement] db.( sum Professor.getAge(),  sum Student.getAge(),  avg(Professor.getPensum()),  avg(Student.getAverage()))
2013-01-26 12:42:58,890 INFO  [pl.wcislo.sbql4j.java.utils.SBQL4JStatement] Query after dead subqueries optimization: 
2013-01-26 12:42:58,891 INFO  [pl.wcislo.sbql4j.java.utils.SBQL4JStatement] db.( sum Professor.getAge(),  sum Student.getAge(),  avg(Professor.getPensum()),  avg(Student.getAverage()))
2013-01-26 12:42:58,896 INFO  [pl.wcislo.sbql4j.java.utils.SBQL4JStatement] Query after independent subqueries optimization: 
2013-01-26 12:42:58,897 INFO  [pl.wcislo.sbql4j.java.utils.SBQL4JStatement] db.( sum Professor.getAge(),  sum Student.getAge(),  avg(Professor.getPensum()),  avg(Student.getAverage()))
2013-01-26 12:42:58,900 INFO  [pl.wcislo.sbql4j.java.utils.SBQL4JStatement] Query before optimization: 
2013-01-26 12:42:58,901 INFO  [pl.wcislo.sbql4j.java.utils.SBQL4JStatement] db.(Professor as p order by (p.getAddress().getCity()))
2013-01-26 12:42:58,903 INFO  [pl.wcislo.sbql4j.java.utils.SBQL4JStatement] Query after dead subqueries optimization: 
2013-01-26 12:42:58,903 INFO  [pl.wcislo.sbql4j.java.utils.SBQL4JStatement] db.(Professor as p order by (p.getAddress().getCity()))
2013-01-26 12:42:58,904 INFO  [pl.wcislo.sbql4j.java.utils.SBQL4JStatement] Query after independent subqueries optimization: 
2013-01-26 12:42:58,905 INFO  [pl.wcislo.sbql4j.java.utils.SBQL4JStatement] db.(Professor as p order by (p.getAddress().getCity()))
2013-01-26 12:42:58,907 INFO  [pl.wcislo.sbql4j.java.utils.SBQL4JStatement] Query before optimization: 
2013-01-26 12:42:58,907 INFO  [pl.wcislo.sbql4j.java.utils.SBQL4JStatement] db.( all Professor getMarried())
2013-01-26 12:42:58,908 INFO  [pl.wcislo.sbql4j.java.utils.SBQL4JStatement] Query after dead subqueries optimization: 
2013-01-26 12:42:58,909 INFO  [pl.wcislo.sbql4j.java.utils.SBQL4JStatement] db.( all Professor getMarried())
2013-01-26 12:42:58,910 INFO  [pl.wcislo.sbql4j.java.utils.SBQL4JStatement] Query after independent subqueries optimization: 
2013-01-26 12:42:58,910 INFO  [pl.wcislo.sbql4j.java.utils.SBQL4JStatement] db.( all Professor getMarried())
2013-01-26 12:42:58,915 INFO  [pl.wcislo.sbql4j.java.utils.SBQL4JStatement] Query before optimization: 
2013-01-26 12:42:58,916 INFO  [pl.wcislo.sbql4j.java.utils.SBQL4JStatement] db.(Student as s where s.getPromoter().getMarried() == (!( any Student getMarried())))
2013-01-26 12:42:58,920 INFO  [pl.wcislo.sbql4j.java.utils.SBQL4JStatement] Query after dead subqueries optimization: 
2013-01-26 12:42:58,921 INFO  [pl.wcislo.sbql4j.java.utils.SBQL4JStatement] db.(Student as s where s.getPromoter().getMarried() == (!( any Student getMarried())))
2013-01-26 12:42:58,926 INFO  [pl.wcislo.sbql4j.java.utils.SBQL4JStatement] Query after independent subqueries optimization: 
2013-01-26 12:42:58,926 INFO  [pl.wcislo.sbql4j.java.utils.SBQL4JStatement] db.((!( any Student getMarried())) group as _aux0).(Student as s where s.getPromoter().getMarried() == _aux0)
2013-01-26 12:42:58,950 INFO  [pl.wcislo.sbql4j.java.preprocessor.PreprocessorRun] Sucessfully preprocessed task
2013-01-26 12:42:59,123 INFO  [pl.wcislo.sbql4j.java.preprocessor.PreprocessorRun] Creating java file: /home/koles/workspace/s10091_kor/dist/kor/data/KorData.java
2013-01-26 12:42:59,164 INFO  [de.hunsicker.jalopy.io] FILE_PARSE
2013-01-26 12:42:59,225 INFO  [de.hunsicker.jalopy.transform] TRANS_IMP_REMOVE_DUPLICATE
2013-01-26 12:42:59,226 INFO  [de.hunsicker.jalopy.transform] TRANS_IMP_REMOVE_DUPLICATE
2013-01-26 12:42:59,320 INFO  [de.hunsicker.jalopy.io] FILE_PARSE
2013-01-26 12:42:59,383 INFO  [de.hunsicker.jalopy.transform] TRANS_IMP_REMOVE_DUPLICATE
2013-01-26 12:42:59,384 INFO  [de.hunsicker.jalopy.transform] TRANS_IMP_REMOVE_DUPLICATE
2013-01-26 12:42:59,384 INFO  [de.hunsicker.jalopy.transform] TRANS_IMP_REMOVE_DUPLICATE
2013-01-26 12:42:59,423 INFO  [de.hunsicker.jalopy.io] FILE_PARSE
2013-01-26 12:42:59,441 INFO  [de.hunsicker.jalopy.transform] TRANS_IMP_REMOVE_DUPLICATE
2013-01-26 12:42:59,441 INFO  [de.hunsicker.jalopy.transform] TRANS_IMP_REMOVE_DUPLICATE
2013-01-26 12:42:59,456 INFO  [de.hunsicker.jalopy.io] FILE_PARSE
2013-01-26 12:42:59,489 INFO  [de.hunsicker.jalopy.transform] TRANS_IMP_REMOVE_DUPLICATE
2013-01-26 12:42:59,490 INFO  [de.hunsicker.jalopy.transform] TRANS_IMP_REMOVE_DUPLICATE
2013-01-26 12:42:59,490 INFO  [de.hunsicker.jalopy.transform] TRANS_IMP_REMOVE_DUPLICATE
2013-01-26 12:42:59,514 INFO  [de.hunsicker.jalopy.io] FILE_PARSE
2013-01-26 12:42:59,531 INFO  [de.hunsicker.jalopy.transform] TRANS_IMP_REMOVE_DUPLICATE
2013-01-26 12:42:59,532 INFO  [de.hunsicker.jalopy.transform] TRANS_IMP_REMOVE_DUPLICATE
2013-01-26 12:42:59,546 INFO  [de.hunsicker.jalopy.io] FILE_PARSE
2013-01-26 12:42:59,592 INFO  [de.hunsicker.jalopy.transform] TRANS_IMP_REMOVE_DUPLICATE
2013-01-26 12:42:59,593 INFO  [de.hunsicker.jalopy.transform] TRANS_IMP_REMOVE_DUPLICATE
2013-01-26 12:42:59,593 INFO  [de.hunsicker.jalopy.transform] TRANS_IMP_REMOVE_DUPLICATE
2013-01-26 12:42:59,620 INFO  [de.hunsicker.jalopy.io] FILE_PARSE
2013-01-26 12:42:59,630 INFO  [de.hunsicker.jalopy.transform] TRANS_IMP_REMOVE_DUPLICATE
2013-01-26 12:42:59,630 INFO  [de.hunsicker.jalopy.transform] TRANS_IMP_REMOVE_DUPLICATE
2013-01-26 12:42:59,641 INFO  [de.hunsicker.jalopy.io] FILE_PARSE
2013-01-26 12:42:59,691 INFO  [de.hunsicker.jalopy.transform] TRANS_IMP_REMOVE_DUPLICATE
2013-01-26 12:42:59,692 INFO  [de.hunsicker.jalopy.transform] TRANS_IMP_REMOVE_DUPLICATE
2013-01-26 12:42:59,693 INFO  [de.hunsicker.jalopy.transform] TRANS_IMP_REMOVE_DUPLICATE
2013-01-26 12:42:59,722 INFO  [de.hunsicker.jalopy.io] FILE_PARSE
2013-01-26 12:42:59,740 INFO  [de.hunsicker.jalopy.transform] TRANS_IMP_REMOVE_DUPLICATE
2013-01-26 12:42:59,740 INFO  [de.hunsicker.jalopy.transform] TRANS_IMP_REMOVE_DUPLICATE
2013-01-26 12:42:59,750 INFO  [de.hunsicker.jalopy.io] FILE_PARSE
2013-01-26 12:42:59,794 INFO  [de.hunsicker.jalopy.transform] TRANS_IMP_REMOVE_DUPLICATE
2013-01-26 12:42:59,795 INFO  [de.hunsicker.jalopy.transform] TRANS_IMP_REMOVE_DUPLICATE
2013-01-26 12:42:59,795 INFO  [de.hunsicker.jalopy.transform] TRANS_IMP_REMOVE_DUPLICATE
2013-01-26 12:42:59,817 INFO  [de.hunsicker.jalopy.io] FILE_PARSE
2013-01-26 12:42:59,826 INFO  [de.hunsicker.jalopy.transform] TRANS_IMP_REMOVE_DUPLICATE
2013-01-26 12:42:59,827 INFO  [de.hunsicker.jalopy.transform] TRANS_IMP_REMOVE_DUPLICATE
2013-01-26 12:42:59,837 INFO  [de.hunsicker.jalopy.io] FILE_PARSE
2013-01-26 12:42:59,860 INFO  [de.hunsicker.jalopy.transform] TRANS_IMP_REMOVE_DUPLICATE
2013-01-26 12:42:59,860 INFO  [de.hunsicker.jalopy.transform] TRANS_IMP_REMOVE_DUPLICATE
2013-01-26 12:42:59,861 INFO  [de.hunsicker.jalopy.transform] TRANS_IMP_REMOVE_DUPLICATE
2013-01-26 12:42:59,882 INFO  [de.hunsicker.jalopy.io] FILE_PARSE
2013-01-26 12:42:59,890 INFO  [de.hunsicker.jalopy.transform] TRANS_IMP_REMOVE_DUPLICATE
2013-01-26 12:42:59,891 INFO  [de.hunsicker.jalopy.transform] TRANS_IMP_REMOVE_DUPLICATE
2013-01-26 12:42:59,901 INFO  [de.hunsicker.jalopy.io] FILE_PARSE
2013-01-26 12:42:59,923 INFO  [de.hunsicker.jalopy.transform] TRANS_IMP_REMOVE_DUPLICATE
2013-01-26 12:42:59,924 INFO  [de.hunsicker.jalopy.transform] TRANS_IMP_REMOVE_DUPLICATE
2013-01-26 12:42:59,924 INFO  [de.hunsicker.jalopy.transform] TRANS_IMP_REMOVE_DUPLICATE
2013-01-26 12:42:59,947 INFO  [de.hunsicker.jalopy.io] FILE_PARSE
2013-01-26 12:42:59,952 INFO  [de.hunsicker.jalopy.transform] TRANS_IMP_REMOVE_DUPLICATE
2013-01-26 12:42:59,953 INFO  [de.hunsicker.jalopy.transform] TRANS_IMP_REMOVE_DUPLICATE
2013-01-26 12:42:59,963 INFO  [de.hunsicker.jalopy.io] FILE_PARSE
2013-01-26 12:42:59,981 INFO  [de.hunsicker.jalopy.transform] TRANS_IMP_REMOVE_DUPLICATE
2013-01-26 12:42:59,982 INFO  [de.hunsicker.jalopy.transform] TRANS_IMP_REMOVE_DUPLICATE
2013-01-26 12:42:59,982 INFO  [de.hunsicker.jalopy.transform] TRANS_IMP_REMOVE_DUPLICATE
2013-01-26 12:43:00,006 INFO  [de.hunsicker.jalopy.io] FILE_PARSE
2013-01-26 12:43:00,011 INFO  [de.hunsicker.jalopy.transform] TRANS_IMP_REMOVE_DUPLICATE
2013-01-26 12:43:00,012 INFO  [de.hunsicker.jalopy.transform] TRANS_IMP_REMOVE_DUPLICATE
2013-01-26 12:43:00,020 INFO  [de.hunsicker.jalopy.io] FILE_PARSE
2013-01-26 12:43:00,036 INFO  [de.hunsicker.jalopy.transform] TRANS_IMP_REMOVE_DUPLICATE
2013-01-26 12:43:00,037 INFO  [de.hunsicker.jalopy.transform] TRANS_IMP_REMOVE_DUPLICATE
2013-01-26 12:43:00,037 INFO  [de.hunsicker.jalopy.transform] TRANS_IMP_REMOVE_DUPLICATE
2013-01-26 12:43:00,056 INFO  [de.hunsicker.jalopy.io] FILE_PARSE
2013-01-26 12:43:00,061 INFO  [de.hunsicker.jalopy.transform] TRANS_IMP_REMOVE_DUPLICATE
2013-01-26 12:43:00,062 INFO  [de.hunsicker.jalopy.transform] TRANS_IMP_REMOVE_DUPLICATE
2013-01-26 12:43:00,071 INFO  [de.hunsicker.jalopy.io] FILE_PARSE
2013-01-26 12:43:00,087 INFO  [de.hunsicker.jalopy.transform] TRANS_IMP_REMOVE_DUPLICATE
2013-01-26 12:43:00,087 INFO  [de.hunsicker.jalopy.transform] TRANS_IMP_REMOVE_DUPLICATE
2013-01-26 12:43:00,088 INFO  [de.hunsicker.jalopy.transform] TRANS_IMP_REMOVE_DUPLICATE
2013-01-26 12:43:00,121 INFO  [de.hunsicker.jalopy.io] FILE_PARSE
2013-01-26 12:43:00,126 INFO  [de.hunsicker.jalopy.transform] TRANS_IMP_REMOVE_DUPLICATE
2013-01-26 12:43:00,126 INFO  [de.hunsicker.jalopy.transform] TRANS_IMP_REMOVE_DUPLICATE
2013-01-26 12:43:00,135 INFO  [de.hunsicker.jalopy.io] FILE_PARSE
2013-01-26 12:43:00,151 INFO  [de.hunsicker.jalopy.transform] TRANS_IMP_REMOVE_DUPLICATE
2013-01-26 12:43:00,151 INFO  [de.hunsicker.jalopy.transform] TRANS_IMP_REMOVE_DUPLICATE
2013-01-26 12:43:00,152 INFO  [de.hunsicker.jalopy.transform] TRANS_IMP_REMOVE_DUPLICATE
2013-01-26 12:43:00,169 INFO  [de.hunsicker.jalopy.io] FILE_PARSE
2013-01-26 12:43:00,173 INFO  [de.hunsicker.jalopy.transform] TRANS_IMP_REMOVE_DUPLICATE
2013-01-26 12:43:00,174 INFO  [de.hunsicker.jalopy.transform] TRANS_IMP_REMOVE_DUPLICATE
2013-01-26 12:43:00,183 INFO  [de.hunsicker.jalopy.io] FILE_PARSE
2013-01-26 12:43:00,222 INFO  [de.hunsicker.jalopy.transform] TRANS_IMP_REMOVE_DUPLICATE
2013-01-26 12:43:00,225 INFO  [de.hunsicker.jalopy.transform] TRANS_IMP_REMOVE_DUPLICATE
2013-01-26 12:43:00,225 INFO  [de.hunsicker.jalopy.transform] TRANS_IMP_REMOVE_DUPLICATE
2013-01-26 12:43:00,286 INFO  [de.hunsicker.jalopy.io] FILE_PARSE
2013-01-26 12:43:00,291 INFO  [de.hunsicker.jalopy.transform] TRANS_IMP_REMOVE_DUPLICATE
2013-01-26 12:43:00,291 INFO  [de.hunsicker.jalopy.transform] TRANS_IMP_REMOVE_DUPLICATE
2013-01-26 12:43:00,299 INFO  [de.hunsicker.jalopy.io] FILE_PARSE
2013-01-26 12:43:00,313 INFO  [de.hunsicker.jalopy.transform] TRANS_IMP_REMOVE_DUPLICATE
2013-01-26 12:43:00,314 INFO  [de.hunsicker.jalopy.transform] TRANS_IMP_REMOVE_DUPLICATE
2013-01-26 12:43:00,314 INFO  [de.hunsicker.jalopy.transform] TRANS_IMP_REMOVE_DUPLICATE
2013-01-26 12:43:00,330 INFO  [de.hunsicker.jalopy.io] FILE_PARSE
2013-01-26 12:43:00,334 INFO  [de.hunsicker.jalopy.transform] TRANS_IMP_REMOVE_DUPLICATE
2013-01-26 12:43:00,334 INFO  [de.hunsicker.jalopy.transform] TRANS_IMP_REMOVE_DUPLICATE
2013-01-26 12:43:00,341 INFO  [de.hunsicker.jalopy.io] FILE_PARSE
2013-01-26 12:43:00,356 INFO  [de.hunsicker.jalopy.transform] TRANS_IMP_REMOVE_DUPLICATE
2013-01-26 12:43:00,356 INFO  [de.hunsicker.jalopy.transform] TRANS_IMP_REMOVE_DUPLICATE
2013-01-26 12:43:00,357 INFO  [de.hunsicker.jalopy.transform] TRANS_IMP_REMOVE_DUPLICATE
2013-01-26 12:43:00,373 INFO  [de.hunsicker.jalopy.io] FILE_PARSE
2013-01-26 12:43:00,378 INFO  [de.hunsicker.jalopy.transform] TRANS_IMP_REMOVE_DUPLICATE
2013-01-26 12:43:00,378 INFO  [de.hunsicker.jalopy.transform] TRANS_IMP_REMOVE_DUPLICATE
2013-01-26 12:43:00,385 INFO  [de.hunsicker.jalopy.io] FILE_PARSE
2013-01-26 12:43:00,400 INFO  [de.hunsicker.jalopy.transform] TRANS_IMP_REMOVE_DUPLICATE
2013-01-26 12:43:00,401 INFO  [de.hunsicker.jalopy.transform] TRANS_IMP_REMOVE_DUPLICATE
2013-01-26 12:43:00,401 INFO  [de.hunsicker.jalopy.transform] TRANS_IMP_REMOVE_DUPLICATE
2013-01-26 12:43:00,418 INFO  [de.hunsicker.jalopy.io] FILE_PARSE
2013-01-26 12:43:00,422 INFO  [de.hunsicker.jalopy.transform] TRANS_IMP_REMOVE_DUPLICATE
2013-01-26 12:43:00,422 INFO  [de.hunsicker.jalopy.transform] TRANS_IMP_REMOVE_DUPLICATE
2013-01-26 12:43:00,430 INFO  [de.hunsicker.jalopy.io] FILE_PARSE
2013-01-26 12:43:00,453 INFO  [de.hunsicker.jalopy.transform] TRANS_IMP_REMOVE_DUPLICATE
2013-01-26 12:43:00,454 INFO  [de.hunsicker.jalopy.transform] TRANS_IMP_REMOVE_DUPLICATE
2013-01-26 12:43:00,454 INFO  [de.hunsicker.jalopy.transform] TRANS_IMP_REMOVE_DUPLICATE
2013-01-26 12:43:00,476 INFO  [de.hunsicker.jalopy.io] FILE_PARSE
2013-01-26 12:43:00,481 INFO  [de.hunsicker.jalopy.transform] TRANS_IMP_REMOVE_DUPLICATE
2013-01-26 12:43:00,481 INFO  [de.hunsicker.jalopy.transform] TRANS_IMP_REMOVE_DUPLICATE
2013-01-26 12:43:00,488 INFO  [de.hunsicker.jalopy.io] FILE_PARSE
2013-01-26 12:43:00,505 INFO  [de.hunsicker.jalopy.transform] TRANS_IMP_REMOVE_DUPLICATE
2013-01-26 12:43:00,506 INFO  [de.hunsicker.jalopy.transform] TRANS_IMP_REMOVE_DUPLICATE
2013-01-26 12:43:00,506 INFO  [de.hunsicker.jalopy.transform] TRANS_IMP_REMOVE_DUPLICATE
2013-01-26 12:43:00,523 INFO  [de.hunsicker.jalopy.io] FILE_PARSE
2013-01-26 12:43:00,527 INFO  [de.hunsicker.jalopy.transform] TRANS_IMP_REMOVE_DUPLICATE
2013-01-26 12:43:00,527 INFO  [de.hunsicker.jalopy.transform] TRANS_IMP_REMOVE_DUPLICATE
2013-01-26 12:43:00,534 INFO  [de.hunsicker.jalopy.io] FILE_PARSE
2013-01-26 12:43:00,549 INFO  [de.hunsicker.jalopy.transform] TRANS_IMP_REMOVE_DUPLICATE
2013-01-26 12:43:00,550 INFO  [de.hunsicker.jalopy.transform] TRANS_IMP_REMOVE_DUPLICATE
2013-01-26 12:43:00,550 INFO  [de.hunsicker.jalopy.transform] TRANS_IMP_REMOVE_DUPLICATE
2013-01-26 12:43:00,566 INFO  [de.hunsicker.jalopy.io] FILE_PARSE
2013-01-26 12:43:00,569 INFO  [de.hunsicker.jalopy.transform] TRANS_IMP_REMOVE_DUPLICATE
2013-01-26 12:43:00,569 INFO  [de.hunsicker.jalopy.transform] TRANS_IMP_REMOVE_DUPLICATE
2013-01-26 12:43:00,574 INFO  [de.hunsicker.jalopy.io] FILE_PARSE
2013-01-26 12:43:00,585 INFO  [de.hunsicker.jalopy.transform] TRANS_IMP_REMOVE_DUPLICATE
2013-01-26 12:43:00,586 INFO  [de.hunsicker.jalopy.transform] TRANS_IMP_REMOVE_DUPLICATE
2013-01-26 12:43:00,586 INFO  [de.hunsicker.jalopy.transform] TRANS_IMP_REMOVE_DUPLICATE
2013-01-26 12:43:00,600 INFO  [de.hunsicker.jalopy.io] FILE_PARSE
2013-01-26 12:43:00,602 INFO  [de.hunsicker.jalopy.transform] TRANS_IMP_REMOVE_DUPLICATE
2013-01-26 12:43:00,602 INFO  [de.hunsicker.jalopy.transform] TRANS_IMP_REMOVE_DUPLICATE
2013-01-26 12:43:00,607 INFO  [de.hunsicker.jalopy.io] FILE_PARSE
2013-01-26 12:43:00,620 INFO  [de.hunsicker.jalopy.transform] TRANS_IMP_REMOVE_DUPLICATE
2013-01-26 12:43:00,620 INFO  [de.hunsicker.jalopy.transform] TRANS_IMP_REMOVE_DUPLICATE
2013-01-26 12:43:00,621 INFO  [de.hunsicker.jalopy.transform] TRANS_IMP_REMOVE_DUPLICATE
2013-01-26 12:43:00,634 INFO  [de.hunsicker.jalopy.io] FILE_PARSE
2013-01-26 12:43:00,636 INFO  [de.hunsicker.jalopy.transform] TRANS_IMP_REMOVE_DUPLICATE
2013-01-26 12:43:00,636 INFO  [de.hunsicker.jalopy.transform] TRANS_IMP_REMOVE_DUPLICATE
2013-01-26 12:43:00,641 INFO  [de.hunsicker.jalopy.io] FILE_PARSE
2013-01-26 12:43:00,644 INFO  [de.hunsicker.jalopy.transform] TRANS_IMP_REMOVE_DUPLICATE
2013-01-26 12:43:00,644 INFO  [de.hunsicker.jalopy.transform] TRANS_IMP_REMOVE_DUPLICATE
2013-01-26 12:43:00,645 INFO  [de.hunsicker.jalopy.transform] TRANS_IMP_REMOVE_DUPLICATE
2013-01-26 12:43:00,651 INFO  [de.hunsicker.jalopy.io] FILE_PARSE
2013-01-26 12:43:00,654 INFO  [de.hunsicker.jalopy.transform] TRANS_IMP_REMOVE_DUPLICATE
2013-01-26 12:43:00,655 INFO  [de.hunsicker.jalopy.transform] TRANS_IMP_REMOVE_DUPLICATE
2013-01-26 12:43:00,662 INFO  [de.hunsicker.jalopy.io] FILE_PARSE
2013-01-26 12:43:00,671 INFO  [de.hunsicker.jalopy.transform] TRANS_IMP_REMOVE_DUPLICATE
2013-01-26 12:43:00,672 INFO  [de.hunsicker.jalopy.transform] TRANS_IMP_REMOVE_DUPLICATE
2013-01-26 12:43:00,672 INFO  [de.hunsicker.jalopy.transform] TRANS_IMP_REMOVE_DUPLICATE
2013-01-26 12:43:00,684 INFO  [pl.wcislo.sbql4j.java.preprocessor.PreprocessorRun] Sucessfully writed 1 files
